<?xml version="1.0" encoding="UTF-8"?>
<!-- Generated by org.testng.reporters.JUnitReportReporter -->
<testsuite skipped="0" hostname="MATILDA" name="com.cucmber.framework.runner.RegFeatureRunner" tests="1" failures="0" timestamp="06 Apr 2018 09:53:40 GMT" time="78.893" errors="0">
  <testcase name="feature" time="78.893" classname="com.cucmber.framework.runner.RegFeatureRunner"/>
</testsuite> <!-- com.cucmber.framework.runner.RegFeatureRunner -->
