<?xml version="1.0" encoding="UTF-8"?>
<!-- Generated by org.testng.reporters.JUnitReportReporter -->
<testsuite skipped="0" hostname="MATILDA" name="com.cucmber.framework.runner.LoginFeatureRunner" tests="1" failures="0" timestamp="05 Apr 2018 12:54:53 GMT" time="34.906" errors="0">
  <testcase name="feature" time="34.906" classname="com.cucmber.framework.runner.LoginFeatureRunner"/>
</testsuite> <!-- com.cucmber.framework.runner.LoginFeatureRunner -->
